<?xml version="1.0" encoding="utf-8"?><testsuites name="pytest tests"><testsuite name="pytest" errors="0" failures="0" skipped="0" tests="25" time="8.763" timestamp="2026-03-22T15:54:18.269755+00:00" hostname="agent-env-b64f9c79-a043-4797-b978-7f460a49cbf6"><testcase classname="tests.test_delivery_api.TestHealth" name="test_backend_reachable" time="0.221" /><testcase classname="tests.test_delivery_api.TestAuth" name="test_login_user_success" time="0.375" /><testcase classname="tests.test_delivery_api.TestAuth" name="test_login_admin_success" time="0.376" /><testcase classname="tests.test_delivery_api.TestAuth" name="test_login_invalid_credentials" time="0.355" /><testcase classname="tests.test_delivery_api.TestAuth" name="test_get_profile_with_token" time="0.414" /><testcase classname="tests.test_delivery_api.TestAuth" name="test_get_profile_without_token" time="0.094" /><testcase classname="tests.test_delivery_api.TestCategories" name="test_get_categories_returns_5" time="0.102" /><testcase classname="tests.test_delivery_api.TestCategories" name="test_categories_have_correct_names" time="0.109" /><testcase classname="tests.test_delivery_api.TestProducts" name="test_get_products_returns_data" time="0.100" /><testcase classname="tests.test_delivery_api.TestProducts" name="test_get_products_total_count" time="0.133" /><testcase classname="tests.test_delivery_api.TestProducts" name="test_product_structure" time="0.097" /><testcase classname="tests.test_delivery_api.TestProducts" name="test_get_product_by_id" time="0.243" /><testcase classname="tests.test_delivery_api.TestProducts" name="test_search_products" time="0.149" /><testcase classname="tests.test_delivery_api.TestProducts" name="test_filter_by_category" time="0.215" /><testcase classname="tests.test_delivery_api.TestCart" name="test_get_cart_requires_auth" time="0.094" /><testcase classname="tests.test_delivery_api.TestCart" name="test_get_cart_with_auth" time="0.448" /><testcase classname="tests.test_delivery_api.TestCart" name="test_add_to_cart" time="0.744" /><testcase classname="tests.test_delivery_api.TestCart" name="test_update_cart_quantity" time="0.798" /><testcase classname="tests.test_delivery_api.TestCart" name="test_remove_from_cart" time="0.735" /><testcase classname="tests.test_delivery_api.TestOrders" name="test_get_orders_requires_auth" time="0.110" /><testcase classname="tests.test_delivery_api.TestOrders" name="test_get_orders_with_auth" time="0.435" /><testcase classname="tests.test_delivery_api.TestOrders" name="test_checkout_requires_cart" time="0.548" /><testcase classname="tests.test_delivery_api.TestAdmin" name="test_admin_dashboard_requires_admin" time="0.428" /><testcase classname="tests.test_delivery_api.TestAdmin" name="test_admin_dashboard_with_admin" time="0.435" /><testcase classname="tests.test_delivery_api.TestAdmin" name="test_admin_get_users" time="0.912" /></testsuite></testsuites>